2026-02-24 02:23:46,321 - INFO - ================================================================================
2026-02-24 02:23:46,321 - INFO - 🧠 认知图论：基于能量最小化的认知计算模型
2026-02-24 02:23:46,321 - INFO - ================================================================================
2026-02-24 02:23:46,321 - INFO - 作者：曾铭佳
2026-02-24 02:23:46,322 - INFO - 版本：2.0
2026-02-24 02:23:46,322 - INFO - 时间：2025年12月
2026-02-24 02:23:46,322 - INFO - ================================================================================
2026-02-24 02:23:46,322 - INFO - === 环境信息 ===
2026-02-24 02:23:46,322 - INFO - 当前时间: 2026-02-24 02:23:46.322530
2026-02-24 02:23:46,322 - INFO - Python 版本: 3.12.4 | packaged by Anaconda, Inc. | (main, Jun 18 2024, 15:03:56) [MSC v.1929 64 bit (AMD64)]
2026-02-24 02:23:46,486 - INFO - 平台信息: Windows-11-10.0.26100-SP0
2026-02-24 02:23:46,486 - INFO - CPU 信息: Intel64 Family 6 Model 183 Stepping 1, GenuineIntel
2026-02-24 02:23:46,486 - INFO - 机器类型: AMD64
2026-02-24 02:23:46,486 - INFO - Python 解释器路径: C:\Users\24016\anaconda3\python.exe
2026-02-24 02:23:46,486 - INFO - 系统路径: ['C:\\Users\\24016\\Desktop\\Project_Develop\\CognitiveGraph', 'C:\\Users\\24016\\Desktop\\Project_Develop\\CognitiveGraph', 'C:\\Users\\24016\\Desktop\\Project_Develop\\CognitiveGraph\\src', 'C:\\Users\\24016\\anaconda3\\python312.zip', 'C:\\Users\\24016\\anaconda3\\DLLs', 'C:\\Users\\24016\\anaconda3\\Lib', 'C:\\Users\\24016\\anaconda3', 'C:\\Users\\24016\\anaconda3\\Lib\\site-packages', 'C:\\Users\\24016\\anaconda3\\Lib\\site-packages\\win32', 'C:\\Users\\24016\\anaconda3\\Lib\\site-packages\\win32\\lib', 'C:\\Users\\24016\\anaconda3\\Lib\\site-packages\\Pythonwin', 'C:\\Users\\24016\\Desktop\\Project_Develop\\CognitiveGraph']
2026-02-24 02:23:46,486 - INFO - === 依赖版本 ===
2026-02-24 02:23:46,487 - INFO - numpy: 1.26.4
2026-02-24 02:23:46,487 - INFO - pandas: 2.2.2
2026-02-24 02:23:46,488 - INFO - matplotlib: 3.8.4
2026-02-24 02:23:46,488 - INFO - networkx: 3.4.2
2026-02-24 02:23:46,488 - INFO - scipy: 1.13.1
2026-02-24 02:23:46,488 - INFO - jieba: 0.42.1
2026-02-24 02:23:46,488 - INFO - === 实验参数 ===
2026-02-24 02:23:46,488 - INFO - 概念规模: [51, 71, 91, 111]
2026-02-24 02:23:46,488 - INFO - 迭代次数: 10000
2026-02-24 02:23:46,488 - INFO - 个体数量: 3
2026-02-24 02:23:46,488 - INFO - 语义相似度阈值: 0.08
2026-02-24 02:23:46,488 - INFO - 压缩协同性阈值: 0.76
2026-02-24 02:23:46,488 - INFO - 迁移效率阈值: 0.35
2026-02-24 02:23:46,488 - INFO - 集群内聚性阈值: 0.7
2026-02-24 02:23:46,488 - INFO - 最小连接强度: 0.5
2026-02-24 02:23:46,489 - INFO - 学习率: 0.85
2026-02-24 02:23:46,489 - INFO - 认知温度 T: 1.0
2026-02-24 02:23:46,489 - INFO - 随机种子: 42
2026-02-24 02:23:46,489 - INFO - ✅ 所有依赖库加载成功
2026-02-24 02:23:46,489 - INFO - 📁 创建目录: results/
2026-02-24 02:23:46,489 - INFO - 📁 创建目录: results/batch_experiments/
2026-02-24 02:23:46,490 - INFO - 📁 创建目录: results/emergence/
2026-02-24 02:23:46,490 - INFO - 📁 创建目录: results/algebra/
2026-02-24 02:23:46,490 - INFO - 📁 创建目录: results/visualizations/
2026-02-24 02:23:46,490 - INFO - 📁 创建目录: logs/
2026-02-24 02:23:46,491 - INFO - 
================================================================================
2026-02-24 02:23:46,491 - INFO - 🚀 开始一键运行所有实验
2026-02-24 02:23:46,491 - INFO - ================================================================================
2026-02-24 02:23:46,491 - INFO - 
================================================================================
2026-02-24 02:23:46,491 - INFO - 1️⃣ 运行四规模对比实验 (51/71/91/111概念)
2026-02-24 02:23:46,491 - INFO - ================================================================================
2026-02-24 02:23:47,438 - INFO - 开始运行四规模对比实验...
2026-02-24 02:31:02,010 - INFO - ✅ 四规模对比实验完成! 耗时: 434.6秒
2026-02-24 02:31:02,011 - INFO - 
================================================================================
2026-02-24 02:31:02,011 - INFO - 2️⃣ 运行涌现研究
2026-02-24 02:31:02,011 - INFO - ================================================================================
2026-02-24 02:31:02,011 - INFO - 开始运行涌现研究...
2026-02-24 02:31:02,011 - INFO - 
处理 51 概念规模...
2026-02-24 02:31:19,814 - INFO - ✅ 结果已保存到: results/emergence/emergence_51_concepts.json
2026-02-24 02:31:19,814 - INFO - 
处理 71 概念规模...
2026-02-24 02:31:46,146 - INFO - ✅ 结果已保存到: results/emergence/emergence_71_concepts.json
2026-02-24 02:31:46,147 - INFO - 
处理 91 概念规模...
2026-02-24 02:32:22,155 - INFO - ✅ 结果已保存到: results/emergence/emergence_91_concepts.json
2026-02-24 02:32:22,155 - INFO - 
处理 111 概念规模...
2026-02-24 02:33:17,319 - INFO - ✅ 结果已保存到: results/emergence/emergence_111_concepts.json
2026-02-24 02:33:25,477 - INFO - ✅ 涌现研究完成! 耗时: 143.5秒
2026-02-24 02:33:25,486 - INFO - 
================================================================================
2026-02-24 02:33:25,486 - INFO - 3️⃣ 运行代数验证实验
2026-02-24 02:33:25,487 - INFO - ================================================================================
2026-02-24 02:33:25,696 - INFO - 开始运行代数验证实验...
2026-02-24 02:33:25,949 - INFO - ✅ 代数验证实验完成! 耗时: 0.3秒
2026-02-24 02:33:25,949 - INFO - 
================================================================================
2026-02-24 02:33:25,949 - INFO - 4️⃣ 运行语义网络演示
2026-02-24 02:33:25,949 - INFO - ================================================================================
2026-02-24 02:33:50,250 - INFO - 
================================================================================
2026-02-24 02:33:50,250 - INFO - 📊 生成实验总结报告
2026-02-24 02:33:50,250 - INFO - ================================================================================
2026-02-24 02:33:50,251 - INFO - ✅ 实验总结报告已生成: results/experiment_summary_20260224_023350.md
2026-02-24 02:33:50,251 - INFO - 
报告内容预览:
2026-02-24 02:33:50,251 - INFO - --------------------------------------------------
2026-02-24 02:33:50,251 - INFO - 
# 🧠 认知图论实验总结报告

## 📅 实验信息
- 运行时间: 20260224_023350
- 脚本版本: 2.0
- 作者: 曾铭佳

## 🎯 实验目标
验证能量最小化作为认知组织的基本驱动力，观察概念压缩与第一性原理迁移的自然涌现现象。

## 📊 实验项目
1. ✅ 四规模对比实验 (51/71/91/111概念)
2. ✅ 涌现研究
3. ✅ 代数验证实验
4. ✅ 语义网络演示

## 📁 结果文件
实验结果已保存在以下目录:
- `results/batch_experiments/` - 四规模对比实验数据
- `results/emergence/` - 涌现研究数据
- `results/algebra/` - 代数验证实验数据
- `results/visualizations/` - 可视化图表

## 数据说明
具体的数据说明可见`results/DATA_DICTIONARY.md`

## 🚀 下一步建议
1. 查看具体实验结果文件
2. 调整参数重新运行特定实验
3. 扩展概念规模测试
4. 与其他认知模型对比

## 📞 联系信息
如有问题或...
2026-02-24 02:33:50,251 - INFO - --------------------------------------------------
2026-02-24 02:33:50,251 - INFO - 
================================================================================
2026-02-24 02:33:50,252 - INFO - 🎉 所有实验运行完成！
2026-02-24 02:33:50,252 - INFO - ================================================================================
2026-02-24 02:33:50,252 - INFO - 
📈 实验完成状态:
2026-02-24 02:33:50,252 - INFO -   ✅ batch_experiments
2026-02-24 02:33:50,252 - INFO -   ✅ emergence_study
2026-02-24 02:33:50,252 - INFO -   ✅ algebra_experiments
2026-02-24 02:33:50,252 - INFO -   ✅ semantic_demo
2026-02-24 02:33:50,252 - INFO - 
⏱️  总运行时间: 603.8秒
2026-02-24 02:33:50,252 - INFO - 📋 实验总结报告: results/experiment_summary_20260224_023350.md
2026-02-24 02:33:50,252 - INFO - 
📊 成功率: 4/4 (100.0%)
2026-02-24 02:33:50,252 - INFO - 
🌟 所有实验均成功完成！
2026-02-24 02:33:50,252 - INFO - 建议：
2026-02-24 02:33:50,252 - INFO -   1. 查看 results/ 目录下的详细结果
2026-02-24 02:33:50,252 - INFO -   2. 运行 analysis.py 进行数据分析
2026-02-24 02:33:50,252 - INFO -   3. 修改 config.py 调整参数重新实验
2026-02-24 02:33:50,252 - INFO - 
================================================================================
2026-02-24 02:33:50,252 - INFO - 💡 提示：
2026-02-24 02:33:50,252 - INFO -   1. 如需重新运行特定实验，请参考 main.py
2026-02-24 02:33:50,252 - INFO -   2. 查看 README.md 获取详细项目说明
2026-02-24 02:33:50,252 - INFO -   3. 实验结果可用于生成论文图表
2026-02-24 02:33:50,252 - INFO - ================================================================================
