\BOOKMARK [1][-]{section.1}{\376\377\137\025\212\000}{}% 1
\BOOKMARK [1][-]{section.2}{\376\377\166\370\121\163\135\345\117\134\124\214\164\006\213\272\200\314\146\157}{}% 2
\BOOKMARK [2][-]{subsection.2.1}{\376\377\213\244\167\345\213\241\173\227\152\041\127\213\166\204\203\003\137\017\157\024\217\333\116\016\134\100\226\120}{section.2}% 3
\BOOKMARK [3][-]{subsubsection.2.1.1}{\376\377\133\371\153\324\127\372\121\306\152\041\127\213\213\276\213\241}{subsection.2.1}% 4
\BOOKMARK [2][-]{subsection.2.2}{\376\377\200\375\221\317\117\030\123\026\211\306\211\322\377\032\116\316\171\136\176\317\171\321\133\146\122\060\213\244\167\345\123\237\164\006}{section.2}% 5
\BOOKMARK [2][-]{subsection.2.3}{\376\377\116\343\145\160\116\016\121\340\117\125\145\271\154\325\166\204\213\244\167\345\171\321\133\146\136\224\165\050}{section.2}% 6
\BOOKMARK [3][-]{subsubsection.2.3.1}{\376\377\116\343\145\160\176\323\147\204\166\204\116\343\170\001\133\236\163\260}{subsection.2.3}% 7
\BOOKMARK [2][-]{subsection.2.4}{\376\377\131\015\147\102\174\373\176\337\211\306\211\322\116\013\166\204\213\244\167\345\155\214\163\260}{section.2}% 8
\BOOKMARK [2][-]{subsection.2.5}{\376\377\170\024\172\166\172\172\166\175\116\016\147\054\135\345\117\134\166\204\164\006\213\272\133\232\117\115}{section.2}% 9
\BOOKMARK [1][-]{section.3}{\376\377\213\244\167\345\126\376\213\272\166\204\121\154\164\006\174\373\176\337\377\032\121\340\117\125\143\317\217\360}{}% 10
\BOOKMARK [2][-]{subsection.3.1}{\376\377\127\372\147\054\121\154\213\276}{section.3}% 11
\BOOKMARK [2][-]{subsection.3.2}{\376\377\121\340\117\125\210\115\165\037\140\047\215\050}{section.3}% 12
\BOOKMARK [2][-]{subsection.3.3}{\376\377\145\160\133\146\137\142\137\017\123\026}{section.3}% 13
\BOOKMARK [2][-]{subsection.3.4}{\376\377\213\244\167\345\220\115\123\206\166\204\121\340\117\125\164\006\213\272}{section.3}% 14
\BOOKMARK [1][-]{section.4}{\376\377\213\244\167\345\126\376\213\272\166\204\116\343\145\160\176\323\147\204\377\032\177\244\213\272\143\317\217\360}{}% 15
\BOOKMARK [2][-]{subsection.4.1}{\376\377\213\244\167\345\144\315\117\134\166\204\116\343\145\160\174\373\176\337}{section.4}% 16
\BOOKMARK [2][-]{subsection.4.2}{\376\377\213\244\167\345\133\371\171\360\140\047\116\016\116\015\123\330\140\047}{section.4}% 17
\BOOKMARK [2][-]{subsection.4.3}{\376\377\213\244\167\345\144\315\117\134\166\204\177\244\117\134\165\050}{section.4}% 18
\BOOKMARK [2][-]{subsection.4.4}{\376\377\213\244\167\345\157\024\123\026\166\204\147\116\177\244\143\317\217\360}{section.4}% 19
\BOOKMARK [2][-]{subsection.4.5}{\376\377\116\343\145\160\176\323\147\204\166\204\213\244\167\345\141\017\116\111}{section.4}% 20
\BOOKMARK [2][-]{subsection.4.6}{\376\377\116\343\145\160\176\323\147\204\166\204\213\244\167\345\141\017\116\111\116\016\133\236\226\105\133\236\163\260}{section.4}% 21
\BOOKMARK [1][-]{section.5}{\376\377\200\375\221\317\122\250\122\233\133\146\232\161\122\250\116\013\166\204\155\214\163\260\147\072\122\066}{}% 22
\BOOKMARK [2][-]{subsection.5.1}{\376\377\151\202\137\365\123\213\177\051\377\032\117\134\116\072\177\121\176\334\221\315\147\204\166\204\155\214\163\260}{section.5}% 23
\BOOKMARK [2][-]{subsection.5.2}{\376\377\151\202\137\365\123\213\177\051\166\204\213\244\167\345\124\010\164\006\140\047\122\006\147\220}{section.5}% 24
\BOOKMARK [2][-]{subsection.5.3}{\376\377\173\054\116\000\140\047\123\237\164\006\217\301\171\373\377\032\117\134\116\072\147\000\117\030\215\357\137\204\144\034\175\042\166\204\155\214\163\260}{section.5}% 25
\BOOKMARK [2][-]{subsection.5.4}{\376\377\173\054\116\000\140\047\123\237\164\006\217\301\171\373\166\204\213\244\167\345\124\010\164\006\140\047\122\006\147\220}{section.5}% 26
\BOOKMARK [2][-]{subsection.5.5}{\376\377\213\244\167\345\162\266\140\001\166\204\166\370\123\330\163\260\214\141}{section.5}% 27
\BOOKMARK [1][-]{section.6}{\376\377\133\236\232\214\213\276\213\241\116\016\176\323\147\234\122\006\147\220}{}% 28
\BOOKMARK [2][-]{subsection.6.1}{\376\377\133\236\232\214\213\276\177\156\116\016\123\302\145\160\221\115\177\156}{section.6}% 29
\BOOKMARK [2][-]{subsection.6.2}{\376\377\200\375\200\027\117\030\123\026\140\047\200\375\166\204\211\304\152\041\145\110\136\224\122\006\147\220}{section.6}% 30
\BOOKMARK [2][-]{subsection.6.3}{\376\377\155\214\163\260\163\260\214\141\166\204\211\304\152\041\220\002\136\224\140\047\152\041\137\017}{section.6}% 31
\BOOKMARK [2][-]{subsection.6.4}{\376\377\133\371\153\324\133\236\232\214\176\323\147\234\122\006\147\220}{section.6}% 32
\BOOKMARK [2][-]{subsection.6.5}{\376\377\151\202\137\365\123\213\177\051\116\016\123\237\164\006\217\301\171\373\166\204\213\244\167\345\124\010\164\006\140\047\122\006\147\220}{section.6}% 33
\BOOKMARK [3][-]{subsubsection.6.5.1}{\376\377\151\202\137\365\123\213\177\051\166\204\133\232\221\317\232\214\213\301\116\016\213\244\167\345\122\006\147\220}{subsection.6.5}% 34
\BOOKMARK [3][-]{subsubsection.6.5.2}{\376\377\173\054\116\000\140\047\123\237\164\006\217\301\171\373\166\204\133\232\221\317\232\214\213\301\116\016\213\244\167\345\147\072\122\066}{subsection.6.5}% 35
\BOOKMARK [3][-]{subsubsection.6.5.3}{\376\377\226\010\120\074\213\276\177\156\166\204\117\030\123\026\136\372\213\256\116\016\213\244\167\345\124\057\171\072}{subsection.6.5}% 36
\BOOKMARK [2][-]{subsection.6.6}{\376\377\213\244\167\345\162\266\140\001\122\006\136\003\116\016\211\304\152\041\145\110\136\224}{section.6}% 37
\BOOKMARK [2][-]{subsection.6.7}{\376\377\121\170\127\213\150\110\117\213\166\204\155\361\121\145\122\006\147\220}{section.6}% 38
\BOOKMARK [3][-]{subsubsection.6.7.1}{\376\377\201\352\161\066\151\202\137\365\123\213\177\051\150\110\117\213\170\024\172\166}{subsection.6.7}% 39
\BOOKMARK [3][-]{subsubsection.6.7.2}{\376\377\173\054\116\000\140\047\123\237\164\006\217\301\171\373\150\110\117\213\170\024\172\166}{subsection.6.7}% 40
\BOOKMARK [2][-]{subsection.6.8}{\376\377\176\337\213\241\146\076\204\127\140\047\150\300\232\214}{section.6}% 41
\BOOKMARK [1][-]{section.7}{\376\377\213\250\213\272}{}% 42
\BOOKMARK [2][-]{subsection.7.1}{\376\377\164\006\213\272\141\017\116\111\116\016\215\041\163\056}{section.7}% 43
\BOOKMARK [3][-]{subsubsection.7.1.1}{\376\377\211\304\152\041\220\002\136\224\140\047\211\304\137\213\166\204\231\226\153\041\143\355\171\072}{subsection.7.1}% 44
\BOOKMARK [3][-]{subsubsection.7.1.2}{\376\377\200\375\221\317\117\030\123\026\123\237\164\006\166\204\146\156\220\002\140\047\213\301\146\016}{subsection.7.1}% 45
\BOOKMARK [3][-]{subsubsection.7.1.3}{\376\377\122\033\220\040\140\047\140\035\176\364\166\204\152\041\137\017\217\154\123\330\147\072\122\066}{subsection.7.1}% 46
\BOOKMARK [2][-]{subsection.7.2}{\376\377\133\371\116\013\116\000\116\343\116\272\135\345\146\172\200\375\166\204\203\003\137\017\124\057\171\072}{section.7}% 47
\BOOKMARK [3][-]{subsubsection.7.2.1}{\376\377\116\316\230\204\213\276\147\266\147\204\122\060\201\352\161\066\157\024\123\026}{subsection.7.2}% 48
\BOOKMARK [3][-]{subsubsection.7.2.2}{\376\377\116\316\176\337\213\241\121\163\200\124\122\060\123\237\164\006\164\006\211\343}{subsection.7.2}% 49
\BOOKMARK [3][-]{subsubsection.7.2.3}{\376\377\213\244\167\345\215\037\203\167\166\204\201\352\220\002\136\224\173\241\164\006}{subsection.7.2}% 50
\BOOKMARK [3][-]{subsubsection.7.2.4}{\376\377\116\343\145\160\176\323\147\204\166\204\146\076\137\017\136\372\152\041}{subsection.7.2}% 51
\BOOKMARK [2][-]{subsection.7.3}{\376\377\213\244\167\345\124\010\164\006\140\047\166\204\155\361\134\102\147\072\122\066\232\214\213\301}{section.7}% 52
\BOOKMARK [3][-]{subsubsection.7.3.1}{\376\377\151\202\137\365\123\213\177\051\166\204\213\244\167\345\176\317\155\116\140\047\123\237\164\006}{subsection.7.3}% 53
\BOOKMARK [3][-]{subsubsection.7.3.2}{\376\377\123\237\164\006\217\301\171\373\166\204\116\023\133\266\140\035\176\364\152\041\142\337}{subsection.7.3}% 54
\BOOKMARK [3][-]{subsubsection.7.3.3}{\376\377\211\304\152\041\146\172\200\375\166\204\155\214\163\260\213\301\143\156}{subsection.7.3}% 55
\BOOKMARK [2][-]{subsection.7.4}{\376\377\116\016\171\136\176\317\171\321\133\146\166\204\200\124\174\373}{section.7}% 56
\BOOKMARK [3][-]{subsubsection.7.4.1}{\376\377\200\375\221\317\145\110\163\207\123\237\122\031\166\204\171\136\176\317\127\372\170\100}{subsection.7.4}% 57
\BOOKMARK [3][-]{subsubsection.7.4.2}{\376\377\152\041\127\127\123\026\176\304\176\307\166\204\176\323\147\204\133\371\136\224}{subsection.7.4}% 58
\BOOKMARK [3][-]{subsubsection.7.4.3}{\376\377\171\136\176\317\123\357\130\121\140\047\166\204\122\250\122\233\133\146\152\041\142\337}{subsection.7.4}% 59
\BOOKMARK [3][-]{subsubsection.7.4.4}{\376\377\213\244\167\345\143\247\122\066\166\204\142\147\210\114\122\237\200\375\133\371\136\224}{subsection.7.4}% 60
\BOOKMARK [2][-]{subsection.7.5}{\376\377\134\100\226\120\140\047\116\016\147\052\147\145\135\345\117\134}{section.7}% 61
\BOOKMARK [3][-]{subsubsection.7.5.1}{\376\377\177\121\176\334\211\304\152\041\116\016\167\037\133\236\213\244\167\345\166\204\135\356\215\335}{subsection.7.5}% 62
\BOOKMARK [3][-]{subsubsection.7.5.2}{\376\377\116\052\117\123\135\356\137\002\136\372\152\041\166\204\174\276\176\306\136\246\116\015\215\263}{subsection.7.5}% 63
\BOOKMARK [3][-]{subsubsection.7.5.3}{\376\377\131\032\152\041\140\001\141\037\167\345\217\320\122\250\166\204\145\164\124\010\177\072\131\061}{subsection.7.5}% 64
\BOOKMARK [3][-]{subsubsection.7.5.4}{\376\377\133\236\213\301\232\214\213\301\166\204\136\177\136\246\116\016\155\361\136\246\116\015\215\263}{subsection.7.5}% 65
\BOOKMARK [3][-]{subsubsection.7.5.5}{\376\377\164\006\213\272\150\106\147\266\166\204\145\160\133\146\155\361\123\026\227\000\154\102}{subsection.7.5}% 66
\BOOKMARK [3][-]{subsubsection.7.5.6}{\376\377\147\052\147\145\135\345\117\134\215\357\176\277\126\376}{subsection.7.5}% 67
\BOOKMARK [1][-]{section.8}{\376\377\176\323\213\272}{}% 68
\BOOKMARK [1][-]{appendix.A}{\376\377\150\070\137\303\173\227\154\325\133\214\145\164\133\236\163\260}{}% 69
\BOOKMARK [2][-]{subsection.A.1}{\376\377\213\244\167\345\162\266\140\001\173\241\164\006\173\227\154\325}{appendix.A}% 70
\BOOKMARK [2][-]{subsection.A.2}{\376\377\155\214\163\260\150\300\155\113\173\227\154\325}{appendix.A}% 71
\BOOKMARK [1][-]{appendix.B}{\376\377\133\236\232\214\213\346\176\306\145\160\143\156}{}% 72
\BOOKMARK [2][-]{subsection.B.1}{\376\377\0001\0002\0000\151\202\137\365\116\013\166\204\151\202\137\365\123\213\177\051\121\170\127\213\150\110\117\213}{appendix.B}% 73
\BOOKMARK [2][-]{subsection.B.2}{\376\377\232\330\145\110\123\237\164\006\217\301\171\373\150\110\117\213}{appendix.B}% 74
\BOOKMARK [2][-]{subsection.B.3}{\376\377\213\244\167\345\162\266\140\001\217\154\143\142\176\337\213\241}{appendix.B}% 75
\BOOKMARK [2][-]{subsection.B.4}{\376\377\155\214\163\260\163\260\214\141\145\160\221\317\176\337\213\241}{appendix.B}% 76
\BOOKMARK [2][-]{subsection.B.5}{\376\377\200\375\221\317\117\030\123\026\140\047\200\375\122\006\147\220}{appendix.B}% 77
\BOOKMARK [2][-]{subsection.B.6}{\376\377\123\237\164\006\202\202\160\271\117\177\165\050\230\221\163\207}{appendix.B}% 78
